<?xml version="1.0" encoding="UTF-8"?>
<testng-results skipped="0" failed="0" ignored="0" total="1" passed="1">
  <reporter-output>
  </reporter-output>
  <suite name="Suite" duration-ms="14643" started-at="2018-11-03T05:09:00Z" finished-at="2018-11-03T05:09:15Z">
    <groups>
    </groups>
    <test name="Test" duration-ms="14643" started-at="2018-11-03T05:09:00Z" finished-at="2018-11-03T05:09:15Z">
      <class name="maven.com.scripts.MainTest">
        <test-method status="PASS" signature="setUp()[pri:0, instance:maven.com.scripts.MainTest@604ed9f0]" name="setUp" is-config="true" duration-ms="11311" started-at="2018-11-03T05:09:00Z" finished-at="2018-11-03T05:09:12Z">
          <reporter-output>
          </reporter-output>
        </test-method> <!-- setUp -->
        <test-method status="PASS" signature="Test()[pri:0, instance:maven.com.scripts.MainTest@604ed9f0]" name="Test" duration-ms="1824" started-at="2018-11-03T05:09:12Z" finished-at="2018-11-03T05:09:14Z">
          <reporter-output>
          </reporter-output>
        </test-method> <!-- Test -->
        <test-method status="PASS" signature="closeBroser()[pri:0, instance:maven.com.scripts.MainTest@604ed9f0]" name="closeBroser" is-config="true" duration-ms="1416" started-at="2018-11-03T05:09:14Z" finished-at="2018-11-03T05:09:15Z">
          <reporter-output>
          </reporter-output>
        </test-method> <!-- closeBroser -->
      </class> <!-- maven.com.scripts.MainTest -->
    </test> <!-- Test -->
  </suite> <!-- Suite -->
</testng-results>
